AR trial/Library/Bee/Android/Prj/IL2CPP/Gradle/launcher/build/intermediates/manifest_merge_blame_file/release/manifest-merger-blame-release-report.txt
1<?xml version="1.0" encoding="utf-8"?>
2<manifest xmlns:android="http://schemas.android.com/apk/res/android"
3    package="com.trial.excear"
4    android:installLocation="preferExternal"
5    android:versionCode="5"
6    android:versionName="1.1" >
7
8    <uses-sdk
9        android:minSdkVersion="26"
9-->src\main\AndroidManifest.xml
10        android:targetSdkVersion="33" />
10-->src\main\AndroidManifest.xml
11
12    <supports-screens
12-->src\main\AndroidManifest.xml:4:3-163
13        android:anyDensity="true"
13-->src\main\AndroidManifest.xml:4:135-160
14        android:largeScreens="true"
14-->src\main\AndroidManifest.xml:4:78-105
15        android:normalScreens="true"
15-->src\main\AndroidManifest.xml:4:49-77
16        android:smallScreens="true"
16-->src\main\AndroidManifest.xml:4:21-48
17        android:xlargeScreens="true" />
17-->src\main\AndroidManifest.xml:4:106-134
18
19    <uses-permission android:name="android.permission.INTERNET" />
19-->[:unityLibrary] AndroidManifest.xml:10:5-67
19-->[:unityLibrary] AndroidManifest.xml:10:22-64
20    <uses-permission android:name="android.permission.ACCESS_NETWORK_STATE" />
20-->[:unityLibrary] AndroidManifest.xml:11:5-79
20-->[:unityLibrary] AndroidManifest.xml:11:22-76
21
22    <uses-feature android:glEsVersion="0x00030000" />
22-->[:unityLibrary] AndroidManifest.xml:13:5-54
22-->[:unityLibrary] AndroidManifest.xml:13:19-51
23    <uses-feature
23-->[:unityLibrary] AndroidManifest.xml:14:5-16:36
24        android:name="android.hardware.touchscreen"
24-->[:unityLibrary] AndroidManifest.xml:15:9-52
25        android:required="false" />
25-->[:unityLibrary] AndroidManifest.xml:16:9-33
26    <uses-feature
26-->[:unityLibrary] AndroidManifest.xml:17:5-19:36
27        android:name="android.hardware.touchscreen.multitouch"
27-->[:unityLibrary] AndroidManifest.xml:18:9-63
28        android:required="false" />
28-->[:unityLibrary] AndroidManifest.xml:19:9-33
29    <uses-feature
29-->[:unityLibrary] AndroidManifest.xml:20:5-22:36
30        android:name="android.hardware.touchscreen.multitouch.distinct"
30-->[:unityLibrary] AndroidManifest.xml:21:9-72
31        android:required="false" />
31-->[:unityLibrary] AndroidManifest.xml:22:9-33
32
33    <uses-permission android:name="android.permission.CAMERA" />
33-->[:unityLibrary] AndroidManifest.xml:24:5-65
33-->[:unityLibrary] AndroidManifest.xml:24:22-62
34
35    <uses-feature
35-->[:unityLibrary] AndroidManifest.xml:26:5-28:35
36        android:name="android.hardware.camera.ar"
36-->[:unityLibrary] AndroidManifest.xml:27:9-50
37        android:required="true" />
37-->[:unityLibrary] AndroidManifest.xml:28:9-32
38    <uses-feature
38-->[:unityLibrary] AndroidManifest.xml:29:5-31:35
39        android:name="com.google.ar.core.depth"
39-->[:unityLibrary] AndroidManifest.xml:30:9-48
40        android:required="true" />
40-->[:unityLibrary] AndroidManifest.xml:31:9-32
41
42    <queries>
42-->[:arcore_client:] AndroidManifest.xml:29:5-31:15
43        <package android:name="com.google.ar.core" />
43-->[:arcore_client:] AndroidManifest.xml:30:9-54
43-->[:arcore_client:] AndroidManifest.xml:30:18-51
44    </queries>
45
46    <application
46-->src\main\AndroidManifest.xml:3:3-83
47        android:extractNativeLibs="true"
47-->[:unityLibrary] AndroidManifest.xml:33:18-50
48        android:icon="@mipmap/app_icon"
48-->src\main\AndroidManifest.xml:3:49-80
49        android:label="@string/app_name" >
49-->src\main\AndroidManifest.xml:3:16-48
50        <meta-data
50-->[:unityLibrary] AndroidManifest.xml:34:9-36:33
51            android:name="unity.splash-mode"
51-->[:unityLibrary] AndroidManifest.xml:35:13-45
52            android:value="0" />
52-->[:unityLibrary] AndroidManifest.xml:36:13-30
53        <meta-data
53-->[:unityLibrary] AndroidManifest.xml:37:9-39:36
54            android:name="unity.splash-enable"
54-->[:unityLibrary] AndroidManifest.xml:38:13-47
55            android:value="True" />
55-->[:unityLibrary] AndroidManifest.xml:39:13-33
56        <meta-data
56-->[:unityLibrary] AndroidManifest.xml:40:9-42:36
57            android:name="unity.launch-fullscreen"
57-->[:unityLibrary] AndroidManifest.xml:41:13-51
58            android:value="True" />
58-->[:unityLibrary] AndroidManifest.xml:42:13-33
59        <meta-data
59-->[:unityLibrary] AndroidManifest.xml:43:9-45:37
60            android:name="unity.allow-resizable-window"
60-->[:unityLibrary] AndroidManifest.xml:44:13-56
61            android:value="False" />
61-->[:unityLibrary] AndroidManifest.xml:45:13-34
62        <meta-data
62-->[:unityLibrary] AndroidManifest.xml:46:9-48:50
63            android:name="notch.config"
63-->[:unityLibrary] AndroidManifest.xml:47:13-40
64            android:value="portrait|landscape" />
64-->[:unityLibrary] AndroidManifest.xml:48:13-47
65        <meta-data
65-->[:unityLibrary] AndroidManifest.xml:49:9-51:36
66            android:name="unity.auto-report-fully-drawn"
66-->[:unityLibrary] AndroidManifest.xml:50:13-57
67            android:value="true" />
67-->[:unityLibrary] AndroidManifest.xml:51:13-33
68
69        <activity
69-->[:unityLibrary] AndroidManifest.xml:53:9-85:20
70            android:name="com.unity3d.player.UnityPlayerActivity"
70-->[:unityLibrary] AndroidManifest.xml:54:13-66
71            android:configChanges="mcc|mnc|locale|touchscreen|keyboard|keyboardHidden|navigation|orientation|screenLayout|uiMode|screenSize|smallestScreenSize|fontScale|layoutDirection|density"
71-->[:unityLibrary] AndroidManifest.xml:55:13-194
72            android:exported="true"
72-->[:unityLibrary] AndroidManifest.xml:56:13-36
73            android:hardwareAccelerated="false"
73-->[:unityLibrary] AndroidManifest.xml:57:13-48
74            android:launchMode="singleTask"
74-->[:unityLibrary] AndroidManifest.xml:58:13-44
75            android:resizeableActivity="false"
75-->[:unityLibrary] AndroidManifest.xml:59:13-47
76            android:screenOrientation="fullUser"
76-->[:unityLibrary] AndroidManifest.xml:60:13-49
77            android:theme="@style/UnityThemeSelector" >
77-->[:unityLibrary] AndroidManifest.xml:61:13-54
78            <intent-filter>
78-->[:unityLibrary] AndroidManifest.xml:62:13-66:29
79                <category android:name="android.intent.category.LAUNCHER" />
79-->[:unityLibrary] AndroidManifest.xml:63:17-77
79-->[:unityLibrary] AndroidManifest.xml:63:27-74
80
81                <action android:name="android.intent.action.MAIN" />
81-->[:unityLibrary] AndroidManifest.xml:65:17-69
81-->[:unityLibrary] AndroidManifest.xml:65:25-66
82            </intent-filter>
83
84            <meta-data
84-->[:unityLibrary] AndroidManifest.xml:68:13-70:40
85                android:name="unityplayer.UnityActivity"
85-->[:unityLibrary] AndroidManifest.xml:69:17-57
86                android:value="true" />
86-->[:unityLibrary] AndroidManifest.xml:70:17-37
87            <meta-data
87-->[:unityLibrary] AndroidManifest.xml:71:13-73:40
88                android:name="notch_support"
88-->[:unityLibrary] AndroidManifest.xml:72:17-45
89                android:value="true" />
89-->[:unityLibrary] AndroidManifest.xml:73:17-37
90
91            <intent-filter xmlns:android="http://schemas.android.com/apk/res/android" >
91-->[:unityLibrary] AndroidManifest.xml:75:13-84:29
91-->[:unityLibrary] AndroidManifest.xml:75:28-86
92                <action android:name="android.intent.action.VIEW" />
92-->[:unityLibrary] AndroidManifest.xml:76:17-69
92-->[:unityLibrary] AndroidManifest.xml:76:25-66
93
94                <category android:name="android.intent.category.DEFAULT" />
94-->[:unityLibrary] AndroidManifest.xml:78:17-76
94-->[:unityLibrary] AndroidManifest.xml:78:27-73
95                <category android:name="android.intent.category.BROWSABLE" />
95-->[:unityLibrary] AndroidManifest.xml:79:17-78
95-->[:unityLibrary] AndroidManifest.xml:79:27-75
96
97                <data
97-->[:unityLibrary] AndroidManifest.xml:81:17-83:48
98                    android:host="com.unityplayeraccounts.2ac25613-9391-4c0d-aac6-15f1503a9bb3"
98-->[:unityLibrary] AndroidManifest.xml:82:21-96
99                    android:scheme="unitydl" />
99-->[:unityLibrary] AndroidManifest.xml:83:21-45
100            </intent-filter>
101        </activity>
102
103        <meta-data
103-->[:unityLibrary] AndroidManifest.xml:87:9-89:36
104            android:name="unityplayer.SkipPermissionsDialog"
104-->[:unityLibrary] AndroidManifest.xml:88:13-61
105            android:value="true" />
105-->[:unityLibrary] AndroidManifest.xml:89:13-33
106        <meta-data
106-->[:unityLibrary] AndroidManifest.xml:90:9-92:40
107            android:name="com.google.ar.core"
107-->[:unityLibrary] AndroidManifest.xml:91:13-46
108            android:value="required" /> <!-- The minimal version code of ARCore APK required for an app using this SDK. -->
108-->[:unityLibrary] AndroidManifest.xml:92:13-37
109        <meta-data
109-->[:arcore_client:] AndroidManifest.xml:36:9-38:41
110            android:name="com.google.ar.core.min_apk_version"
110-->[:arcore_client:] AndroidManifest.xml:37:13-62
111            android:value="220920000" /> <!-- This activity is critical for installing ARCore when it is not already present. -->
111-->[:arcore_client:] AndroidManifest.xml:38:13-38
112        <activity
112-->[:arcore_client:] AndroidManifest.xml:40:9-46:80
113            android:name="com.google.ar.core.InstallActivity"
113-->[:arcore_client:] AndroidManifest.xml:41:13-62
114            android:configChanges="keyboardHidden|orientation|screenSize"
114-->[:arcore_client:] AndroidManifest.xml:42:13-74
115            android:excludeFromRecents="true"
115-->[:arcore_client:] AndroidManifest.xml:43:13-46
116            android:exported="false"
116-->[:arcore_client:] AndroidManifest.xml:44:13-37
117            android:launchMode="singleTop"
117-->[:arcore_client:] AndroidManifest.xml:45:13-43
118            android:theme="@android:style/Theme.Material.Light.Dialog.Alert" />
118-->[:arcore_client:] AndroidManifest.xml:46:13-77
119    </application>
120
121</manifest>